[1.237s] DEBUG:colcon:Command line arguments: ['/usr/bin/colcon', 'build', '--symlink-install']
[1.238s] DEBUG:colcon:Parsed command line arguments: Namespace(allow_overriding=[], ament_cmake_args=None, base_paths=['.'], build_base='build', catkin_cmake_args=None, catkin_skip_building_tests=False, cmake_args=None, cmake_clean_cache=False, cmake_clean_first=False, cmake_force_configure=False, cmake_target=None, cmake_target_skip_unavailable=False, continue_on_error=False, event_handlers=None, executor='parallel', ignore_user_meta=False, install_base='install', log_base=None, log_level=None, main=<bound method BuildVerb.main of <colcon_core.verb.build.BuildVerb object at 0xffffbb8d14f0>>, merge_install=False, metas=['./colcon.meta'], packages_above=None, packages_above_and_dependencies=None, packages_above_depth=None, packages_end=None, packages_ignore=None, packages_ignore_regex=None, packages_select=None, packages_select_build_failed=False, packages_select_by_dep=None, packages_select_regex=None, packages_select_test_failures=False, packages_skip=None, packages_skip_build_finished=False, packages_skip_by_dep=None, packages_skip_regex=None, packages_skip_test_passed=False, packages_skip_up_to=None, packages_start=None, packages_up_to=None, packages_up_to_regex=None, parallel_workers=4, paths=None, symlink_install=True, test_result_base=None, verb_extension=<colcon_core.verb.build.BuildVerb object at 0xffffbb8d14f0>, verb_name='build', verb_parser=<colcon_defaults.argument_parser.defaults.DefaultArgumentsDecorator object at 0xffffbb87b3d0>)
[2.340s] Level 1:colcon.colcon_core.package_discovery:discover_packages(colcon_meta) check parameters
[2.341s] Level 1:colcon.colcon_core.package_discovery:discover_packages(recursive) check parameters
[2.342s] Level 1:colcon.colcon_core.package_discovery:discover_packages(ignore) check parameters
[2.342s] Level 1:colcon.colcon_core.package_discovery:discover_packages(path) check parameters
[2.342s] Level 1:colcon.colcon_core.package_discovery:discover_packages(colcon_meta) discover
[2.343s] Level 1:colcon.colcon_core.package_discovery:discover_packages(recursive) discover
[2.344s] INFO:colcon.colcon_core.package_discovery:Crawling recursively for packages in '/home/mp4d/drawing_robot_v2/src/camera_transmitter'
[2.344s] Level 1:colcon.colcon_core.package_identification:_identify(.) by extensions ['ignore', 'ignore_ament_install']
[2.345s] Level 1:colcon.colcon_core.package_identification:_identify(.) by extension 'ignore'
[2.346s] Level 1:colcon.colcon_core.package_identification:_identify(.) by extension 'ignore_ament_install'
[2.346s] Level 1:colcon.colcon_core.package_identification:_identify(.) by extensions ['colcon_pkg']
[2.347s] Level 1:colcon.colcon_core.package_identification:_identify(.) by extension 'colcon_pkg'
[2.347s] Level 1:colcon.colcon_core.package_identification:_identify(.) by extensions ['colcon_meta']
[2.347s] Level 1:colcon.colcon_core.package_identification:_identify(.) by extension 'colcon_meta'
[2.348s] Level 1:colcon.colcon_core.package_identification:_identify(.) by extensions ['ros']
[2.348s] Level 1:colcon.colcon_core.package_identification:_identify(.) by extension 'ros'
[2.490s] Level 1:colcon.colcon_core.package_identification:_identify(.) by extensions ['cmake', 'python']
[2.492s] Level 1:colcon.colcon_core.package_identification:_identify(.) by extension 'cmake'
[2.494s] Level 1:colcon.colcon_core.package_identification:_identify(.) by extension 'python'
[2.495s] Level 1:colcon.colcon_core.package_identification:_identify(.) by extensions ['python_setup_py']
[2.495s] Level 1:colcon.colcon_core.package_identification:_identify(.) by extension 'python_setup_py'
[2.496s] Level 1:colcon.colcon_core.package_identification:_identify(build) by extensions ['ignore', 'ignore_ament_install']
[2.497s] Level 1:colcon.colcon_core.package_identification:_identify(build) by extension 'ignore'
[2.498s] Level 1:colcon.colcon_core.package_identification:_identify(build) ignored
[2.499s] Level 1:colcon.colcon_core.package_identification:_identify(install) by extensions ['ignore', 'ignore_ament_install']
[2.500s] Level 1:colcon.colcon_core.package_identification:_identify(install) by extension 'ignore'
[2.500s] Level 1:colcon.colcon_core.package_identification:_identify(install) ignored
[2.501s] Level 1:colcon.colcon_core.package_identification:_identify(log) by extensions ['ignore', 'ignore_ament_install']
[2.502s] Level 1:colcon.colcon_core.package_identification:_identify(log) by extension 'ignore'
[2.502s] Level 1:colcon.colcon_core.package_identification:_identify(log) ignored
[2.503s] Level 1:colcon.colcon_core.package_identification:_identify(usb_cam) by extensions ['ignore', 'ignore_ament_install']
[2.504s] Level 1:colcon.colcon_core.package_identification:_identify(usb_cam) by extension 'ignore'
[2.504s] Level 1:colcon.colcon_core.package_identification:_identify(usb_cam) by extension 'ignore_ament_install'
[2.505s] Level 1:colcon.colcon_core.package_identification:_identify(usb_cam) by extensions ['colcon_pkg']
[2.505s] Level 1:colcon.colcon_core.package_identification:_identify(usb_cam) by extension 'colcon_pkg'
[2.505s] Level 1:colcon.colcon_core.package_identification:_identify(usb_cam) by extensions ['colcon_meta']
[2.505s] Level 1:colcon.colcon_core.package_identification:_identify(usb_cam) by extension 'colcon_meta'
[2.506s] Level 1:colcon.colcon_core.package_identification:_identify(usb_cam) by extensions ['ros']
[2.506s] Level 1:colcon.colcon_core.package_identification:_identify(usb_cam) by extension 'ros'
[2.589s] DEBUG:colcon.colcon_core.package_identification:Package 'usb_cam' with type 'ros.ament_cmake' and name 'usb_cam'
[2.590s] Level 1:colcon.colcon_core.package_discovery:discover_packages(recursive) using defaults
[2.591s] Level 1:colcon.colcon_core.package_discovery:discover_packages(ignore) discover
[2.591s] Level 1:colcon.colcon_core.package_discovery:discover_packages(ignore) using defaults
[2.592s] Level 1:colcon.colcon_core.package_discovery:discover_packages(path) discover
[2.592s] Level 1:colcon.colcon_core.package_discovery:discover_packages(path) using defaults
[2.901s] Level 1:colcon.colcon_core.package_discovery:discover_packages(prefix_path) check parameters
[2.902s] Level 1:colcon.colcon_core.package_discovery:discover_packages(prefix_path) discover
[2.916s] DEBUG:colcon.colcon_installed_package_information.package_discovery:Found 6 installed packages in /home/mp4d/drawing_robot_v2/install
[2.924s] DEBUG:colcon.colcon_installed_package_information.package_discovery:Found 177 installed packages in /opt/ros/foxy
[2.936s] Level 1:colcon.colcon_core.package_discovery:discover_packages(prefix_path) using defaults
[3.225s] Level 5:colcon.colcon_core.verb:set package 'usb_cam' build argument 'cmake_args' from command line to 'None'
[3.226s] Level 5:colcon.colcon_core.verb:set package 'usb_cam' build argument 'cmake_target' from command line to 'None'
[3.226s] Level 5:colcon.colcon_core.verb:set package 'usb_cam' build argument 'cmake_target_skip_unavailable' from command line to 'False'
[3.226s] Level 5:colcon.colcon_core.verb:set package 'usb_cam' build argument 'cmake_clean_cache' from command line to 'False'
[3.226s] Level 5:colcon.colcon_core.verb:set package 'usb_cam' build argument 'cmake_clean_first' from command line to 'False'
[3.227s] Level 5:colcon.colcon_core.verb:set package 'usb_cam' build argument 'cmake_force_configure' from command line to 'False'
[3.227s] Level 5:colcon.colcon_core.verb:set package 'usb_cam' build argument 'ament_cmake_args' from command line to 'None'
[3.227s] Level 5:colcon.colcon_core.verb:set package 'usb_cam' build argument 'catkin_cmake_args' from command line to 'None'
[3.227s] Level 5:colcon.colcon_core.verb:set package 'usb_cam' build argument 'catkin_skip_building_tests' from command line to 'False'
[3.228s] DEBUG:colcon.colcon_core.verb:Building package 'usb_cam' with the following arguments: {'ament_cmake_args': None, 'build_base': '/home/mp4d/drawing_robot_v2/src/camera_transmitter/build/usb_cam', 'catkin_cmake_args': None, 'catkin_skip_building_tests': False, 'cmake_args': None, 'cmake_clean_cache': False, 'cmake_clean_first': False, 'cmake_force_configure': False, 'cmake_target': None, 'cmake_target_skip_unavailable': False, 'install_base': '/home/mp4d/drawing_robot_v2/src/camera_transmitter/install/usb_cam', 'merge_install': False, 'path': '/home/mp4d/drawing_robot_v2/src/camera_transmitter/usb_cam', 'symlink_install': True, 'test_result_base': None}
[3.229s] INFO:colcon.colcon_core.executor:Executing jobs using 'parallel' executor
[3.239s] DEBUG:colcon.colcon_parallel_executor.executor.parallel:run_until_complete
[3.242s] INFO:colcon.colcon_ros.task.ament_cmake.build:Building ROS package in '/home/mp4d/drawing_robot_v2/src/camera_transmitter/usb_cam' with build type 'ament_cmake'
[3.243s] INFO:colcon.colcon_cmake.task.cmake.build:Building CMake package in '/home/mp4d/drawing_robot_v2/src/camera_transmitter/usb_cam'
[3.268s] INFO:colcon.colcon_core.plugin_system:Skipping extension 'colcon_core.shell.bat': Not used on non-Windows systems
[3.271s] INFO:colcon.colcon_core.shell:Skip shell extension 'powershell' for command environment: Not usable outside of PowerShell
[3.272s] DEBUG:colcon.colcon_core.shell:Skip shell extension 'dsv' for command environment
[3.356s] DEBUG:colcon.colcon_core.event_handler.log_command:Invoking command in '/home/mp4d/drawing_robot_v2/src/camera_transmitter/build/usb_cam': CMAKE_PREFIX_PATH=${CMAKE_PREFIX_PATH}:/opt/ros/foxy /usr/bin/cmake /home/mp4d/drawing_robot_v2/src/camera_transmitter/usb_cam -DAMENT_CMAKE_SYMLINK_INSTALL=1 -DCMAKE_INSTALL_PREFIX=/home/mp4d/drawing_robot_v2/src/camera_transmitter/install/usb_cam
[23.645s] DEBUG:colcon.colcon_core.event_handler.log_command:Invoked command in '/home/mp4d/drawing_robot_v2/src/camera_transmitter/build/usb_cam' returned '0': CMAKE_PREFIX_PATH=${CMAKE_PREFIX_PATH}:/opt/ros/foxy /usr/bin/cmake /home/mp4d/drawing_robot_v2/src/camera_transmitter/usb_cam -DAMENT_CMAKE_SYMLINK_INSTALL=1 -DCMAKE_INSTALL_PREFIX=/home/mp4d/drawing_robot_v2/src/camera_transmitter/install/usb_cam
[23.667s] DEBUG:colcon.colcon_core.event_handler.log_command:Invoking command in '/home/mp4d/drawing_robot_v2/src/camera_transmitter/build/usb_cam': CMAKE_PREFIX_PATH=${CMAKE_PREFIX_PATH}:/opt/ros/foxy /usr/bin/cmake --build /home/mp4d/drawing_robot_v2/src/camera_transmitter/build/usb_cam -- -j4 -l4
[137.126s] DEBUG:colcon.colcon_core.event_handler.log_command:Invoked command in '/home/mp4d/drawing_robot_v2/src/camera_transmitter/build/usb_cam' returned '0': CMAKE_PREFIX_PATH=${CMAKE_PREFIX_PATH}:/opt/ros/foxy /usr/bin/cmake --build /home/mp4d/drawing_robot_v2/src/camera_transmitter/build/usb_cam -- -j4 -l4
[137.398s] DEBUG:colcon.colcon_core.event_handler.log_command:Invoking command in '/home/mp4d/drawing_robot_v2/src/camera_transmitter/build/usb_cam': CMAKE_PREFIX_PATH=${CMAKE_PREFIX_PATH}:/opt/ros/foxy /usr/bin/cmake --install /home/mp4d/drawing_robot_v2/src/camera_transmitter/build/usb_cam
[140.446s] Level 1:colcon.colcon_core.environment:create_environment_scripts_only(usb_cam)
[140.451s] DEBUG:colcon.colcon_core.event_handler.log_command:Invoked command in '/home/mp4d/drawing_robot_v2/src/camera_transmitter/build/usb_cam' returned '0': CMAKE_PREFIX_PATH=${CMAKE_PREFIX_PATH}:/opt/ros/foxy /usr/bin/cmake --install /home/mp4d/drawing_robot_v2/src/camera_transmitter/build/usb_cam
[140.481s] Level 1:colcon.colcon_core.environment:checking '/home/mp4d/drawing_robot_v2/src/camera_transmitter/install/usb_cam' for CMake module files
[140.486s] Level 1:colcon.colcon_core.environment:checking '/home/mp4d/drawing_robot_v2/src/camera_transmitter/install/usb_cam' for CMake config files
[140.488s] Level 1:colcon.colcon_core.shell:create_environment_hook('usb_cam', 'cmake_prefix_path')
[140.490s] INFO:colcon.colcon_core.shell:Creating environment hook '/home/mp4d/drawing_robot_v2/src/camera_transmitter/install/usb_cam/share/usb_cam/hook/cmake_prefix_path.ps1'
[140.506s] INFO:colcon.colcon_core.shell:Creating environment descriptor '/home/mp4d/drawing_robot_v2/src/camera_transmitter/install/usb_cam/share/usb_cam/hook/cmake_prefix_path.dsv'
[140.514s] INFO:colcon.colcon_core.shell:Creating environment hook '/home/mp4d/drawing_robot_v2/src/camera_transmitter/install/usb_cam/share/usb_cam/hook/cmake_prefix_path.sh'
[140.528s] Level 1:colcon.colcon_core.environment:checking '/home/mp4d/drawing_robot_v2/src/camera_transmitter/install/usb_cam/lib'
[140.529s] Level 1:colcon.colcon_core.shell:create_environment_hook('usb_cam', 'ld_library_path_lib')
[140.531s] INFO:colcon.colcon_core.shell:Creating environment hook '/home/mp4d/drawing_robot_v2/src/camera_transmitter/install/usb_cam/share/usb_cam/hook/ld_library_path_lib.ps1'
[140.534s] INFO:colcon.colcon_core.shell:Creating environment descriptor '/home/mp4d/drawing_robot_v2/src/camera_transmitter/install/usb_cam/share/usb_cam/hook/ld_library_path_lib.dsv'
[140.537s] INFO:colcon.colcon_core.shell:Creating environment hook '/home/mp4d/drawing_robot_v2/src/camera_transmitter/install/usb_cam/share/usb_cam/hook/ld_library_path_lib.sh'
[140.539s] Level 1:colcon.colcon_core.environment:checking '/home/mp4d/drawing_robot_v2/src/camera_transmitter/install/usb_cam/bin'
[140.540s] Level 1:colcon.colcon_core.environment:checking '/home/mp4d/drawing_robot_v2/src/camera_transmitter/install/usb_cam/lib/pkgconfig/usb_cam.pc'
[140.541s] Level 1:colcon.colcon_core.environment:checking '/home/mp4d/drawing_robot_v2/src/camera_transmitter/install/usb_cam/lib/python3.8/site-packages'
[140.542s] Level 1:colcon.colcon_core.environment:checking '/home/mp4d/drawing_robot_v2/src/camera_transmitter/install/usb_cam/bin'
[140.545s] INFO:colcon.colcon_core.shell:Creating package script '/home/mp4d/drawing_robot_v2/src/camera_transmitter/install/usb_cam/share/usb_cam/package.ps1'
[140.554s] INFO:colcon.colcon_core.shell:Creating package descriptor '/home/mp4d/drawing_robot_v2/src/camera_transmitter/install/usb_cam/share/usb_cam/package.dsv'
[140.560s] INFO:colcon.colcon_core.shell:Creating package script '/home/mp4d/drawing_robot_v2/src/camera_transmitter/install/usb_cam/share/usb_cam/package.sh'
[140.567s] INFO:colcon.colcon_core.shell:Creating package script '/home/mp4d/drawing_robot_v2/src/camera_transmitter/install/usb_cam/share/usb_cam/package.bash'
[140.577s] INFO:colcon.colcon_core.shell:Creating package script '/home/mp4d/drawing_robot_v2/src/camera_transmitter/install/usb_cam/share/usb_cam/package.zsh'
[140.584s] Level 1:colcon.colcon_core.environment:create_file_with_runtime_dependencies(/home/mp4d/drawing_robot_v2/src/camera_transmitter/install/usb_cam/share/colcon-core/packages/usb_cam)
[140.757s] Level 1:colcon.colcon_core.environment:create_environment_scripts_only(usb_cam)
[140.759s] Level 1:colcon.colcon_core.environment:checking '/home/mp4d/drawing_robot_v2/src/camera_transmitter/install/usb_cam' for CMake module files
[140.764s] Level 1:colcon.colcon_core.environment:checking '/home/mp4d/drawing_robot_v2/src/camera_transmitter/install/usb_cam' for CMake config files
[140.766s] Level 1:colcon.colcon_core.shell:create_environment_hook('usb_cam', 'cmake_prefix_path')
[140.768s] INFO:colcon.colcon_core.shell:Creating environment hook '/home/mp4d/drawing_robot_v2/src/camera_transmitter/install/usb_cam/share/usb_cam/hook/cmake_prefix_path.ps1'
[140.772s] INFO:colcon.colcon_core.shell:Creating environment descriptor '/home/mp4d/drawing_robot_v2/src/camera_transmitter/install/usb_cam/share/usb_cam/hook/cmake_prefix_path.dsv'
[140.778s] INFO:colcon.colcon_core.shell:Creating environment hook '/home/mp4d/drawing_robot_v2/src/camera_transmitter/install/usb_cam/share/usb_cam/hook/cmake_prefix_path.sh'
[140.783s] Level 1:colcon.colcon_core.environment:checking '/home/mp4d/drawing_robot_v2/src/camera_transmitter/install/usb_cam/lib'
[140.784s] Level 1:colcon.colcon_core.shell:create_environment_hook('usb_cam', 'ld_library_path_lib')
[140.786s] INFO:colcon.colcon_core.shell:Creating environment hook '/home/mp4d/drawing_robot_v2/src/camera_transmitter/install/usb_cam/share/usb_cam/hook/ld_library_path_lib.ps1'
[140.789s] INFO:colcon.colcon_core.shell:Creating environment descriptor '/home/mp4d/drawing_robot_v2/src/camera_transmitter/install/usb_cam/share/usb_cam/hook/ld_library_path_lib.dsv'
[140.792s] INFO:colcon.colcon_core.shell:Creating environment hook '/home/mp4d/drawing_robot_v2/src/camera_transmitter/install/usb_cam/share/usb_cam/hook/ld_library_path_lib.sh'
[140.795s] Level 1:colcon.colcon_core.environment:checking '/home/mp4d/drawing_robot_v2/src/camera_transmitter/install/usb_cam/bin'
[140.795s] Level 1:colcon.colcon_core.environment:checking '/home/mp4d/drawing_robot_v2/src/camera_transmitter/install/usb_cam/lib/pkgconfig/usb_cam.pc'
[140.797s] Level 1:colcon.colcon_core.environment:checking '/home/mp4d/drawing_robot_v2/src/camera_transmitter/install/usb_cam/lib/python3.8/site-packages'
[140.798s] Level 1:colcon.colcon_core.environment:checking '/home/mp4d/drawing_robot_v2/src/camera_transmitter/install/usb_cam/bin'
[140.801s] INFO:colcon.colcon_core.shell:Creating package script '/home/mp4d/drawing_robot_v2/src/camera_transmitter/install/usb_cam/share/usb_cam/package.ps1'
[140.806s] INFO:colcon.colcon_core.shell:Creating package descriptor '/home/mp4d/drawing_robot_v2/src/camera_transmitter/install/usb_cam/share/usb_cam/package.dsv'
[140.812s] INFO:colcon.colcon_core.shell:Creating package script '/home/mp4d/drawing_robot_v2/src/camera_transmitter/install/usb_cam/share/usb_cam/package.sh'
[140.817s] INFO:colcon.colcon_core.shell:Creating package script '/home/mp4d/drawing_robot_v2/src/camera_transmitter/install/usb_cam/share/usb_cam/package.bash'
[140.831s] INFO:colcon.colcon_core.shell:Creating package script '/home/mp4d/drawing_robot_v2/src/camera_transmitter/install/usb_cam/share/usb_cam/package.zsh'
[140.835s] Level 1:colcon.colcon_core.environment:create_file_with_runtime_dependencies(/home/mp4d/drawing_robot_v2/src/camera_transmitter/install/usb_cam/share/colcon-core/packages/usb_cam)
[140.837s] DEBUG:colcon.colcon_parallel_executor.executor.parallel:closing loop
[140.839s] DEBUG:colcon.colcon_parallel_executor.executor.parallel:loop closed
[140.840s] DEBUG:colcon.colcon_parallel_executor.executor.parallel:run_until_complete finished with '0'
[140.841s] DEBUG:colcon.colcon_core.event_reactor:joining thread
[140.885s] INFO:colcon.colcon_core.plugin_system:Skipping extension 'colcon_notification.desktop_notification.notify_send': Could not find 'notify-send'
[140.886s] INFO:colcon.colcon_core.plugin_system:Skipping extension 'colcon_notification.desktop_notification.terminal_notifier': Not used on non-Darwin systems
[140.886s] INFO:colcon.colcon_core.plugin_system:Skipping extension 'colcon_notification.desktop_notification.win32': Not used on non-Windows systems
[140.887s] INFO:colcon.colcon_notification.desktop_notification:Sending desktop notification using 'notify2'
[140.891s] DEBUG:colcon.colcon_notification.desktop_notification.notify2:Failed to initialize notify2: org.freedesktop.DBus.Error.ServiceUnknown: The name org.freedesktop.Notifications was not provided by any .service files
[140.892s] DEBUG:colcon.colcon_core.event_reactor:joined thread
[140.895s] INFO:colcon.colcon_core.shell:Creating prefix script '/home/mp4d/drawing_robot_v2/src/camera_transmitter/install/local_setup.ps1'
[140.904s] INFO:colcon.colcon_core.shell:Creating prefix util module '/home/mp4d/drawing_robot_v2/src/camera_transmitter/install/_local_setup_util_ps1.py'
[140.918s] INFO:colcon.colcon_core.shell:Creating prefix chain script '/home/mp4d/drawing_robot_v2/src/camera_transmitter/install/setup.ps1'
[140.929s] INFO:colcon.colcon_core.shell:Creating prefix script '/home/mp4d/drawing_robot_v2/src/camera_transmitter/install/local_setup.sh'
[140.936s] INFO:colcon.colcon_core.shell:Creating prefix util module '/home/mp4d/drawing_robot_v2/src/camera_transmitter/install/_local_setup_util_sh.py'
[140.941s] INFO:colcon.colcon_core.shell:Creating prefix chain script '/home/mp4d/drawing_robot_v2/src/camera_transmitter/install/setup.sh'
[140.951s] INFO:colcon.colcon_core.shell:Creating prefix script '/home/mp4d/drawing_robot_v2/src/camera_transmitter/install/local_setup.bash'
[140.955s] INFO:colcon.colcon_core.shell:Creating prefix chain script '/home/mp4d/drawing_robot_v2/src/camera_transmitter/install/setup.bash'
[140.965s] INFO:colcon.colcon_core.shell:Creating prefix script '/home/mp4d/drawing_robot_v2/src/camera_transmitter/install/local_setup.zsh'
[140.969s] INFO:colcon.colcon_core.shell:Creating prefix chain script '/home/mp4d/drawing_robot_v2/src/camera_transmitter/install/setup.zsh'
