[1.950s] DEBUG:colcon:Command line arguments: ['/usr/bin/colcon', 'build', '--symlink-install']
[1.951s] DEBUG:colcon:Parsed command line arguments: Namespace(allow_overriding=[], ament_cmake_args=None, base_paths=['.'], build_base='build', catkin_cmake_args=None, catkin_skip_building_tests=False, cmake_args=None, cmake_clean_cache=False, cmake_clean_first=False, cmake_force_configure=False, cmake_target=None, cmake_target_skip_unavailable=False, continue_on_error=False, event_handlers=None, executor='parallel', ignore_user_meta=False, install_base='install', log_base=None, log_level=None, main=<bound method BuildVerb.main of <colcon_core.verb.build.BuildVerb object at 0xffffb62f74f0>>, merge_install=False, metas=['./colcon.meta'], packages_above=None, packages_above_and_dependencies=None, packages_above_depth=None, packages_end=None, packages_ignore=None, packages_ignore_regex=None, packages_select=None, packages_select_build_failed=False, packages_select_by_dep=None, packages_select_regex=None, packages_select_test_failures=False, packages_skip=None, packages_skip_build_finished=False, packages_skip_by_dep=None, packages_skip_regex=None, packages_skip_test_passed=False, packages_skip_up_to=None, packages_start=None, packages_up_to=None, packages_up_to_regex=None, parallel_workers=4, paths=None, symlink_install=True, test_result_base=None, verb_extension=<colcon_core.verb.build.BuildVerb object at 0xffffb62f74f0>, verb_name='build', verb_parser=<colcon_defaults.argument_parser.defaults.DefaultArgumentsDecorator object at 0xffffb62a13d0>)
[3.515s] Level 1:colcon.colcon_core.package_discovery:discover_packages(colcon_meta) check parameters
[3.516s] Level 1:colcon.colcon_core.package_discovery:discover_packages(recursive) check parameters
[3.516s] Level 1:colcon.colcon_core.package_discovery:discover_packages(ignore) check parameters
[3.516s] Level 1:colcon.colcon_core.package_discovery:discover_packages(path) check parameters
[3.517s] Level 1:colcon.colcon_core.package_discovery:discover_packages(colcon_meta) discover
[3.517s] Level 1:colcon.colcon_core.package_discovery:discover_packages(recursive) discover
[3.518s] INFO:colcon.colcon_core.package_discovery:Crawling recursively for packages in '/home/mp4d/drawing_robot_v2/src/camera_receiver'
[3.518s] Level 1:colcon.colcon_core.package_identification:_identify(.) by extensions ['ignore', 'ignore_ament_install']
[3.519s] Level 1:colcon.colcon_core.package_identification:_identify(.) by extension 'ignore'
[3.519s] Level 1:colcon.colcon_core.package_identification:_identify(.) by extension 'ignore_ament_install'
[3.520s] Level 1:colcon.colcon_core.package_identification:_identify(.) by extensions ['colcon_pkg']
[3.520s] Level 1:colcon.colcon_core.package_identification:_identify(.) by extension 'colcon_pkg'
[3.520s] Level 1:colcon.colcon_core.package_identification:_identify(.) by extensions ['colcon_meta']
[3.520s] Level 1:colcon.colcon_core.package_identification:_identify(.) by extension 'colcon_meta'
[3.521s] Level 1:colcon.colcon_core.package_identification:_identify(.) by extensions ['ros']
[3.521s] Level 1:colcon.colcon_core.package_identification:_identify(.) by extension 'ros'
[3.730s] Level 1:colcon.colcon_core.package_identification:_identify(.) by extensions ['cmake', 'python']
[3.731s] Level 1:colcon.colcon_core.package_identification:_identify(.) by extension 'cmake'
[3.731s] Level 1:colcon.colcon_core.package_identification:_identify(.) by extension 'python'
[3.731s] Level 1:colcon.colcon_core.package_identification:_identify(.) by extensions ['python_setup_py']
[3.732s] Level 1:colcon.colcon_core.package_identification:_identify(.) by extension 'python_setup_py'
[3.733s] Level 1:colcon.colcon_core.package_identification:_identify(build) by extensions ['ignore', 'ignore_ament_install']
[3.733s] Level 1:colcon.colcon_core.package_identification:_identify(build) by extension 'ignore'
[3.733s] Level 1:colcon.colcon_core.package_identification:_identify(build) ignored
[3.734s] Level 1:colcon.colcon_core.package_identification:_identify(install) by extensions ['ignore', 'ignore_ament_install']
[3.735s] Level 1:colcon.colcon_core.package_identification:_identify(install) by extension 'ignore'
[3.735s] Level 1:colcon.colcon_core.package_identification:_identify(install) ignored
[3.736s] Level 1:colcon.colcon_core.package_identification:_identify(log) by extensions ['ignore', 'ignore_ament_install']
[3.736s] Level 1:colcon.colcon_core.package_identification:_identify(log) by extension 'ignore'
[3.737s] Level 1:colcon.colcon_core.package_identification:_identify(log) ignored
[3.737s] Level 1:colcon.colcon_core.package_identification:_identify(project-ROS2-pkg) by extensions ['ignore', 'ignore_ament_install']
[3.738s] Level 1:colcon.colcon_core.package_identification:_identify(project-ROS2-pkg) by extension 'ignore'
[3.738s] Level 1:colcon.colcon_core.package_identification:_identify(project-ROS2-pkg) by extension 'ignore_ament_install'
[3.738s] Level 1:colcon.colcon_core.package_identification:_identify(project-ROS2-pkg) by extensions ['colcon_pkg']
[3.739s] Level 1:colcon.colcon_core.package_identification:_identify(project-ROS2-pkg) by extension 'colcon_pkg'
[3.739s] Level 1:colcon.colcon_core.package_identification:_identify(project-ROS2-pkg) by extensions ['colcon_meta']
[3.739s] Level 1:colcon.colcon_core.package_identification:_identify(project-ROS2-pkg) by extension 'colcon_meta'
[3.739s] Level 1:colcon.colcon_core.package_identification:_identify(project-ROS2-pkg) by extensions ['ros']
[3.740s] Level 1:colcon.colcon_core.package_identification:_identify(project-ROS2-pkg) by extension 'ros'
[3.767s] DEBUG:colcon.colcon_core.package_identification:Package 'project-ROS2-pkg' with type 'ros.ament_cmake' and name 'project_ros2_pkg'
[3.767s] Level 1:colcon.colcon_core.package_discovery:discover_packages(recursive) using defaults
[3.768s] Level 1:colcon.colcon_core.package_discovery:discover_packages(ignore) discover
[3.768s] Level 1:colcon.colcon_core.package_discovery:discover_packages(ignore) using defaults
[3.768s] Level 1:colcon.colcon_core.package_discovery:discover_packages(path) discover
[3.768s] Level 1:colcon.colcon_core.package_discovery:discover_packages(path) using defaults
[4.012s] Level 1:colcon.colcon_core.package_discovery:discover_packages(prefix_path) check parameters
[4.013s] Level 1:colcon.colcon_core.package_discovery:discover_packages(prefix_path) discover
[4.039s] DEBUG:colcon.colcon_installed_package_information.package_discovery:Found 4 installed packages in /home/mp4d/drawing_robot_v2/install
[4.048s] DEBUG:colcon.colcon_installed_package_information.package_discovery:Found 177 installed packages in /opt/ros/foxy
[4.070s] Level 1:colcon.colcon_core.package_discovery:discover_packages(prefix_path) using defaults
[4.596s] Level 5:colcon.colcon_core.verb:set package 'project_ros2_pkg' build argument 'cmake_args' from command line to 'None'
[4.597s] Level 5:colcon.colcon_core.verb:set package 'project_ros2_pkg' build argument 'cmake_target' from command line to 'None'
[4.597s] Level 5:colcon.colcon_core.verb:set package 'project_ros2_pkg' build argument 'cmake_target_skip_unavailable' from command line to 'False'
[4.597s] Level 5:colcon.colcon_core.verb:set package 'project_ros2_pkg' build argument 'cmake_clean_cache' from command line to 'False'
[4.598s] Level 5:colcon.colcon_core.verb:set package 'project_ros2_pkg' build argument 'cmake_clean_first' from command line to 'False'
[4.598s] Level 5:colcon.colcon_core.verb:set package 'project_ros2_pkg' build argument 'cmake_force_configure' from command line to 'False'
[4.598s] Level 5:colcon.colcon_core.verb:set package 'project_ros2_pkg' build argument 'ament_cmake_args' from command line to 'None'
[4.598s] Level 5:colcon.colcon_core.verb:set package 'project_ros2_pkg' build argument 'catkin_cmake_args' from command line to 'None'
[4.598s] Level 5:colcon.colcon_core.verb:set package 'project_ros2_pkg' build argument 'catkin_skip_building_tests' from command line to 'False'
[4.599s] DEBUG:colcon.colcon_core.verb:Building package 'project_ros2_pkg' with the following arguments: {'ament_cmake_args': None, 'build_base': '/home/mp4d/drawing_robot_v2/src/camera_receiver/build/project_ros2_pkg', 'catkin_cmake_args': None, 'catkin_skip_building_tests': False, 'cmake_args': None, 'cmake_clean_cache': False, 'cmake_clean_first': False, 'cmake_force_configure': False, 'cmake_target': None, 'cmake_target_skip_unavailable': False, 'install_base': '/home/mp4d/drawing_robot_v2/src/camera_receiver/install/project_ros2_pkg', 'merge_install': False, 'path': '/home/mp4d/drawing_robot_v2/src/camera_receiver/project-ROS2-pkg', 'symlink_install': True, 'test_result_base': None}
[4.600s] INFO:colcon.colcon_core.executor:Executing jobs using 'parallel' executor
[4.608s] DEBUG:colcon.colcon_parallel_executor.executor.parallel:run_until_complete
[4.610s] INFO:colcon.colcon_ros.task.ament_cmake.build:Building ROS package in '/home/mp4d/drawing_robot_v2/src/camera_receiver/project-ROS2-pkg' with build type 'ament_cmake'
[4.612s] INFO:colcon.colcon_cmake.task.cmake.build:Building CMake package in '/home/mp4d/drawing_robot_v2/src/camera_receiver/project-ROS2-pkg'
[4.652s] INFO:colcon.colcon_core.plugin_system:Skipping extension 'colcon_core.shell.bat': Not used on non-Windows systems
[4.654s] INFO:colcon.colcon_core.shell:Skip shell extension 'powershell' for command environment: Not usable outside of PowerShell
[4.655s] DEBUG:colcon.colcon_core.shell:Skip shell extension 'dsv' for command environment
[4.715s] DEBUG:colcon.colcon_core.event_handler.log_command:Invoking command in '/home/mp4d/drawing_robot_v2/src/camera_receiver/build/project_ros2_pkg': CMAKE_PREFIX_PATH=${CMAKE_PREFIX_PATH}:/opt/ros/foxy /usr/bin/cmake /home/mp4d/drawing_robot_v2/src/camera_receiver/project-ROS2-pkg -DAMENT_CMAKE_SYMLINK_INSTALL=1 -DCMAKE_INSTALL_PREFIX=/home/mp4d/drawing_robot_v2/src/camera_receiver/install/project_ros2_pkg
[27.384s] DEBUG:colcon.colcon_core.event_handler.log_command:Invoked command in '/home/mp4d/drawing_robot_v2/src/camera_receiver/build/project_ros2_pkg' returned '0': CMAKE_PREFIX_PATH=${CMAKE_PREFIX_PATH}:/opt/ros/foxy /usr/bin/cmake /home/mp4d/drawing_robot_v2/src/camera_receiver/project-ROS2-pkg -DAMENT_CMAKE_SYMLINK_INSTALL=1 -DCMAKE_INSTALL_PREFIX=/home/mp4d/drawing_robot_v2/src/camera_receiver/install/project_ros2_pkg
[27.407s] DEBUG:colcon.colcon_core.event_handler.log_command:Invoking command in '/home/mp4d/drawing_robot_v2/src/camera_receiver/build/project_ros2_pkg': CMAKE_PREFIX_PATH=${CMAKE_PREFIX_PATH}:/opt/ros/foxy /usr/bin/cmake --build /home/mp4d/drawing_robot_v2/src/camera_receiver/build/project_ros2_pkg -- -j4 -l4
[88.753s] DEBUG:colcon.colcon_core.event_handler.log_command:Invoked command in '/home/mp4d/drawing_robot_v2/src/camera_receiver/build/project_ros2_pkg' returned '0': CMAKE_PREFIX_PATH=${CMAKE_PREFIX_PATH}:/opt/ros/foxy /usr/bin/cmake --build /home/mp4d/drawing_robot_v2/src/camera_receiver/build/project_ros2_pkg -- -j4 -l4
[88.981s] DEBUG:colcon.colcon_core.event_handler.log_command:Invoking command in '/home/mp4d/drawing_robot_v2/src/camera_receiver/build/project_ros2_pkg': CMAKE_PREFIX_PATH=${CMAKE_PREFIX_PATH}:/opt/ros/foxy /usr/bin/cmake --install /home/mp4d/drawing_robot_v2/src/camera_receiver/build/project_ros2_pkg
[90.188s] Level 1:colcon.colcon_core.environment:create_environment_scripts_only(project_ros2_pkg)
[90.193s] DEBUG:colcon.colcon_core.event_handler.log_command:Invoked command in '/home/mp4d/drawing_robot_v2/src/camera_receiver/build/project_ros2_pkg' returned '0': CMAKE_PREFIX_PATH=${CMAKE_PREFIX_PATH}:/opt/ros/foxy /usr/bin/cmake --install /home/mp4d/drawing_robot_v2/src/camera_receiver/build/project_ros2_pkg
[90.253s] Level 1:colcon.colcon_core.environment:checking '/home/mp4d/drawing_robot_v2/src/camera_receiver/install/project_ros2_pkg' for CMake module files
[90.257s] Level 1:colcon.colcon_core.environment:checking '/home/mp4d/drawing_robot_v2/src/camera_receiver/install/project_ros2_pkg' for CMake config files
[90.259s] Level 1:colcon.colcon_core.shell:create_environment_hook('project_ros2_pkg', 'cmake_prefix_path')
[90.262s] INFO:colcon.colcon_core.shell:Creating environment hook '/home/mp4d/drawing_robot_v2/src/camera_receiver/install/project_ros2_pkg/share/project_ros2_pkg/hook/cmake_prefix_path.ps1'
[90.272s] INFO:colcon.colcon_core.shell:Creating environment descriptor '/home/mp4d/drawing_robot_v2/src/camera_receiver/install/project_ros2_pkg/share/project_ros2_pkg/hook/cmake_prefix_path.dsv'
[90.279s] INFO:colcon.colcon_core.shell:Creating environment hook '/home/mp4d/drawing_robot_v2/src/camera_receiver/install/project_ros2_pkg/share/project_ros2_pkg/hook/cmake_prefix_path.sh'
[90.289s] Level 1:colcon.colcon_core.environment:checking '/home/mp4d/drawing_robot_v2/src/camera_receiver/install/project_ros2_pkg/lib'
[90.291s] Level 1:colcon.colcon_core.environment:checking '/home/mp4d/drawing_robot_v2/src/camera_receiver/install/project_ros2_pkg/bin'
[90.292s] Level 1:colcon.colcon_core.environment:checking '/home/mp4d/drawing_robot_v2/src/camera_receiver/install/project_ros2_pkg/lib/pkgconfig/project_ros2_pkg.pc'
[90.293s] Level 1:colcon.colcon_core.environment:checking '/home/mp4d/drawing_robot_v2/src/camera_receiver/install/project_ros2_pkg/lib/python3.8/site-packages'
[90.295s] Level 1:colcon.colcon_core.environment:checking '/home/mp4d/drawing_robot_v2/src/camera_receiver/install/project_ros2_pkg/bin'
[90.297s] INFO:colcon.colcon_core.shell:Creating package script '/home/mp4d/drawing_robot_v2/src/camera_receiver/install/project_ros2_pkg/share/project_ros2_pkg/package.ps1'
[90.306s] INFO:colcon.colcon_core.shell:Creating package descriptor '/home/mp4d/drawing_robot_v2/src/camera_receiver/install/project_ros2_pkg/share/project_ros2_pkg/package.dsv'
[90.315s] INFO:colcon.colcon_core.shell:Creating package script '/home/mp4d/drawing_robot_v2/src/camera_receiver/install/project_ros2_pkg/share/project_ros2_pkg/package.sh'
[90.324s] INFO:colcon.colcon_core.shell:Creating package script '/home/mp4d/drawing_robot_v2/src/camera_receiver/install/project_ros2_pkg/share/project_ros2_pkg/package.bash'
[90.335s] INFO:colcon.colcon_core.shell:Creating package script '/home/mp4d/drawing_robot_v2/src/camera_receiver/install/project_ros2_pkg/share/project_ros2_pkg/package.zsh'
[90.345s] Level 1:colcon.colcon_core.environment:create_file_with_runtime_dependencies(/home/mp4d/drawing_robot_v2/src/camera_receiver/install/project_ros2_pkg/share/colcon-core/packages/project_ros2_pkg)
[90.499s] Level 1:colcon.colcon_core.environment:create_environment_scripts_only(project_ros2_pkg)
[90.502s] Level 1:colcon.colcon_core.environment:checking '/home/mp4d/drawing_robot_v2/src/camera_receiver/install/project_ros2_pkg' for CMake module files
[90.506s] Level 1:colcon.colcon_core.environment:checking '/home/mp4d/drawing_robot_v2/src/camera_receiver/install/project_ros2_pkg' for CMake config files
[90.508s] Level 1:colcon.colcon_core.shell:create_environment_hook('project_ros2_pkg', 'cmake_prefix_path')
[90.510s] INFO:colcon.colcon_core.shell:Creating environment hook '/home/mp4d/drawing_robot_v2/src/camera_receiver/install/project_ros2_pkg/share/project_ros2_pkg/hook/cmake_prefix_path.ps1'
[90.516s] INFO:colcon.colcon_core.shell:Creating environment descriptor '/home/mp4d/drawing_robot_v2/src/camera_receiver/install/project_ros2_pkg/share/project_ros2_pkg/hook/cmake_prefix_path.dsv'
[90.521s] INFO:colcon.colcon_core.shell:Creating environment hook '/home/mp4d/drawing_robot_v2/src/camera_receiver/install/project_ros2_pkg/share/project_ros2_pkg/hook/cmake_prefix_path.sh'
[90.528s] Level 1:colcon.colcon_core.environment:checking '/home/mp4d/drawing_robot_v2/src/camera_receiver/install/project_ros2_pkg/lib'
[90.529s] Level 1:colcon.colcon_core.environment:checking '/home/mp4d/drawing_robot_v2/src/camera_receiver/install/project_ros2_pkg/bin'
[90.530s] Level 1:colcon.colcon_core.environment:checking '/home/mp4d/drawing_robot_v2/src/camera_receiver/install/project_ros2_pkg/lib/pkgconfig/project_ros2_pkg.pc'
[90.531s] Level 1:colcon.colcon_core.environment:checking '/home/mp4d/drawing_robot_v2/src/camera_receiver/install/project_ros2_pkg/lib/python3.8/site-packages'
[90.533s] Level 1:colcon.colcon_core.environment:checking '/home/mp4d/drawing_robot_v2/src/camera_receiver/install/project_ros2_pkg/bin'
[90.536s] INFO:colcon.colcon_core.shell:Creating package script '/home/mp4d/drawing_robot_v2/src/camera_receiver/install/project_ros2_pkg/share/project_ros2_pkg/package.ps1'
[90.540s] INFO:colcon.colcon_core.shell:Creating package descriptor '/home/mp4d/drawing_robot_v2/src/camera_receiver/install/project_ros2_pkg/share/project_ros2_pkg/package.dsv'
[90.545s] INFO:colcon.colcon_core.shell:Creating package script '/home/mp4d/drawing_robot_v2/src/camera_receiver/install/project_ros2_pkg/share/project_ros2_pkg/package.sh'
[90.550s] INFO:colcon.colcon_core.shell:Creating package script '/home/mp4d/drawing_robot_v2/src/camera_receiver/install/project_ros2_pkg/share/project_ros2_pkg/package.bash'
[90.555s] INFO:colcon.colcon_core.shell:Creating package script '/home/mp4d/drawing_robot_v2/src/camera_receiver/install/project_ros2_pkg/share/project_ros2_pkg/package.zsh'
[90.560s] Level 1:colcon.colcon_core.environment:create_file_with_runtime_dependencies(/home/mp4d/drawing_robot_v2/src/camera_receiver/install/project_ros2_pkg/share/colcon-core/packages/project_ros2_pkg)
[90.563s] DEBUG:colcon.colcon_parallel_executor.executor.parallel:closing loop
[90.565s] DEBUG:colcon.colcon_parallel_executor.executor.parallel:loop closed
[90.566s] DEBUG:colcon.colcon_parallel_executor.executor.parallel:run_until_complete finished with '0'
[90.567s] DEBUG:colcon.colcon_core.event_reactor:joining thread
[90.621s] INFO:colcon.colcon_core.plugin_system:Skipping extension 'colcon_notification.desktop_notification.notify_send': Could not find 'notify-send'
[90.622s] INFO:colcon.colcon_core.plugin_system:Skipping extension 'colcon_notification.desktop_notification.terminal_notifier': Not used on non-Darwin systems
[90.623s] INFO:colcon.colcon_core.plugin_system:Skipping extension 'colcon_notification.desktop_notification.win32': Not used on non-Windows systems
[90.623s] INFO:colcon.colcon_notification.desktop_notification:Sending desktop notification using 'notify2'
[90.664s] DEBUG:colcon.colcon_notification.desktop_notification.notify2:Failed to initialize notify2: org.freedesktop.DBus.Error.ServiceUnknown: The name org.freedesktop.Notifications was not provided by any .service files
[90.665s] DEBUG:colcon.colcon_core.event_reactor:joined thread
[90.668s] INFO:colcon.colcon_core.shell:Creating prefix script '/home/mp4d/drawing_robot_v2/src/camera_receiver/install/local_setup.ps1'
[90.678s] INFO:colcon.colcon_core.shell:Creating prefix util module '/home/mp4d/drawing_robot_v2/src/camera_receiver/install/_local_setup_util_ps1.py'
[90.694s] INFO:colcon.colcon_core.shell:Creating prefix chain script '/home/mp4d/drawing_robot_v2/src/camera_receiver/install/setup.ps1'
[90.717s] INFO:colcon.colcon_core.shell:Creating prefix script '/home/mp4d/drawing_robot_v2/src/camera_receiver/install/local_setup.sh'
[90.731s] INFO:colcon.colcon_core.shell:Creating prefix util module '/home/mp4d/drawing_robot_v2/src/camera_receiver/install/_local_setup_util_sh.py'
[90.737s] INFO:colcon.colcon_core.shell:Creating prefix chain script '/home/mp4d/drawing_robot_v2/src/camera_receiver/install/setup.sh'
[90.750s] INFO:colcon.colcon_core.shell:Creating prefix script '/home/mp4d/drawing_robot_v2/src/camera_receiver/install/local_setup.bash'
[90.759s] INFO:colcon.colcon_core.shell:Creating prefix chain script '/home/mp4d/drawing_robot_v2/src/camera_receiver/install/setup.bash'
[90.771s] INFO:colcon.colcon_core.shell:Creating prefix script '/home/mp4d/drawing_robot_v2/src/camera_receiver/install/local_setup.zsh'
[90.778s] INFO:colcon.colcon_core.shell:Creating prefix chain script '/home/mp4d/drawing_robot_v2/src/camera_receiver/install/setup.zsh'
