[0.102s] Invoking command in '/home/mp4d/drawing_robot_v2/src/camera_receiver/build/project_ros2_pkg': CMAKE_PREFIX_PATH=${CMAKE_PREFIX_PATH}:/opt/ros/foxy /usr/bin/cmake /home/mp4d/drawing_robot_v2/src/camera_receiver/project-ROS2-pkg -DAMENT_CMAKE_SYMLINK_INSTALL=1 -DCMAKE_INSTALL_PREFIX=/home/mp4d/drawing_robot_v2/src/camera_receiver/install/project_ros2_pkg
[4.923s] -- The C compiler identification is GNU 9.4.0
[8.070s] -- The CXX compiler identification is GNU 9.4.0
[8.158s] -- Check for working C compiler: /usr/bin/cc
[9.035s] -- Check for working C compiler: /usr/bin/cc -- works
[9.054s] -- Detecting C compiler ABI info
[9.784s] -- Detecting C compiler ABI info - done
[9.896s] -- Detecting C compile features
[9.901s] -- Detecting C compile features - done
[9.926s] -- Check for working CXX compiler: /usr/bin/c++
[10.598s] -- Check for working CXX compiler: /usr/bin/c++ -- works
[10.606s] -- Detecting CXX compiler ABI info
[11.302s] -- Detecting CXX compiler ABI info - done
[11.409s] -- Detecting CXX compile features
[11.417s] -- Detecting CXX compile features - done
[11.465s] -- Found ament_cmake: 0.9.12 (/opt/ros/foxy/share/ament_cmake/cmake)
[11.739s] -- Found PythonInterp: /usr/bin/python3 (found suitable version "3.8.10", minimum required is "3") 
[11.740s] -- Using PYTHON_EXECUTABLE: /usr/bin/python3
[13.122s] -- Override CMake install command with custom implementation using symlinks instead of copying resources
[13.374s] -- Found rclcpp: 2.4.3 (/opt/ros/foxy/share/rclcpp/cmake)
[13.809s] -- Using all available rosidl_typesupport_c: rosidl_typesupport_fastrtps_c;rosidl_typesupport_introspection_c
[13.890s] -- Found rosidl_adapter: 1.3.1 (/opt/ros/foxy/share/rosidl_adapter/cmake)
[14.558s] -- Found OpenSSL: /usr/lib/aarch64-linux-gnu/libcrypto.so (found version "1.1.1f")  
[14.744s] -- Found FastRTPS: /opt/ros/foxy/include  
[15.308s] -- Using all available rosidl_typesupport_cpp: rosidl_typesupport_fastrtps_cpp;rosidl_typesupport_introspection_cpp
[15.874s] -- Found rmw_implementation_cmake: 1.0.4 (/opt/ros/foxy/share/rmw_implementation_cmake/cmake)
[15.892s] -- Using RMW implementation 'rmw_fastrtps_cpp' as default
[15.907s] -- Looking for pthread.h
[16.603s] -- Looking for pthread.h - found
[16.606s] -- Performing Test CMAKE_HAVE_LIBC_PTHREAD
[17.284s] -- Performing Test CMAKE_HAVE_LIBC_PTHREAD - Failed
[17.285s] -- Looking for pthread_create in pthreads
[17.789s] -- Looking for pthread_create in pthreads - not found
[17.790s] -- Looking for pthread_create in pthread
[18.461s] -- Looking for pthread_create in pthread - found
[18.468s] -- Found Threads: TRUE  
[19.945s] -- Found sensor_msgs: 2.0.5 (/opt/ros/foxy/share/sensor_msgs/cmake)
[21.255s] -- Found OpenCV: /usr (found version "4.2.0") 
[21.267s] -- Found cv_bridge: 3.0.7 (/opt/ros/foxy/share/cv_bridge/cmake)
[21.520s] -- Found ament_lint_auto: 0.9.8 (/opt/ros/foxy/share/ament_lint_auto/cmake)
[22.386s] -- Added test 'copyright' to check source files copyright and LICENSE
[22.397s] -- Added test 'cppcheck' to perform static code analysis on C / C++ code
[22.400s] -- Configured cppcheck include dirs: 
[22.401s] -- Configured cppcheck exclude dirs and/or files: 
[22.411s] -- Added test 'cpplint' to check C / C++ code against the Google style
[22.412s] -- Configured cpplint exclude dirs and/or files: 
[22.425s] -- Added test 'lint_cmake' to check CMake code style
[22.434s] -- Added test 'uncrustify' to check C / C++ code style
[22.437s] -- Configured uncrustify additional arguments: 
[22.440s] -- Added test 'xmllint' to check XML markup files
[22.465s] -- Configuring done
[22.642s] -- Generating done
[22.657s] -- Build files have been written to: /home/mp4d/drawing_robot_v2/src/camera_receiver/build/project_ros2_pkg
[22.772s] Invoked command in '/home/mp4d/drawing_robot_v2/src/camera_receiver/build/project_ros2_pkg' returned '0': CMAKE_PREFIX_PATH=${CMAKE_PREFIX_PATH}:/opt/ros/foxy /usr/bin/cmake /home/mp4d/drawing_robot_v2/src/camera_receiver/project-ROS2-pkg -DAMENT_CMAKE_SYMLINK_INSTALL=1 -DCMAKE_INSTALL_PREFIX=/home/mp4d/drawing_robot_v2/src/camera_receiver/install/project_ros2_pkg
[22.793s] Invoking command in '/home/mp4d/drawing_robot_v2/src/camera_receiver/build/project_ros2_pkg': CMAKE_PREFIX_PATH=${CMAKE_PREFIX_PATH}:/opt/ros/foxy /usr/bin/cmake --build /home/mp4d/drawing_robot_v2/src/camera_receiver/build/project_ros2_pkg -- -j4 -l4
[23.141s] [35m[1mScanning dependencies of target image_subscriber[0m
[24.900s] [ 50%] [32mBuilding CXX object CMakeFiles/image_subscriber.dir/src/image_subscriber.cpp.o[0m
[75.496s] [100%] [32m[1mLinking CXX executable image_subscriber[0m
[84.048s] [100%] Built target image_subscriber
[84.140s] Invoked command in '/home/mp4d/drawing_robot_v2/src/camera_receiver/build/project_ros2_pkg' returned '0': CMAKE_PREFIX_PATH=${CMAKE_PREFIX_PATH}:/opt/ros/foxy /usr/bin/cmake --build /home/mp4d/drawing_robot_v2/src/camera_receiver/build/project_ros2_pkg -- -j4 -l4
[84.368s] Invoking command in '/home/mp4d/drawing_robot_v2/src/camera_receiver/build/project_ros2_pkg': CMAKE_PREFIX_PATH=${CMAKE_PREFIX_PATH}:/opt/ros/foxy /usr/bin/cmake --install /home/mp4d/drawing_robot_v2/src/camera_receiver/build/project_ros2_pkg
[84.444s] -- Install configuration: ""
[84.447s] -- Execute custom install script
[84.449s] -- Symlinking: /home/mp4d/drawing_robot_v2/src/camera_receiver/install/project_ros2_pkg/lib/project_ros2_pkg/image_subscriber
[84.517s] -- Symlinking: /home/mp4d/drawing_robot_v2/src/camera_receiver/install/project_ros2_pkg/share/ament_index/resource_index/package_run_dependencies/project_ros2_pkg
[84.594s] -- Symlinking: /home/mp4d/drawing_robot_v2/src/camera_receiver/install/project_ros2_pkg/share/ament_index/resource_index/parent_prefix_path/project_ros2_pkg
[84.679s] -- Symlinking: /home/mp4d/drawing_robot_v2/src/camera_receiver/install/project_ros2_pkg/share/project_ros2_pkg/environment/ament_prefix_path.sh
[84.762s] -- Symlinking: /home/mp4d/drawing_robot_v2/src/camera_receiver/install/project_ros2_pkg/share/project_ros2_pkg/environment/ament_prefix_path.dsv
[84.836s] -- Symlinking: /home/mp4d/drawing_robot_v2/src/camera_receiver/install/project_ros2_pkg/share/project_ros2_pkg/environment/path.sh
[84.904s] -- Symlinking: /home/mp4d/drawing_robot_v2/src/camera_receiver/install/project_ros2_pkg/share/project_ros2_pkg/environment/path.dsv
[84.967s] -- Symlinking: /home/mp4d/drawing_robot_v2/src/camera_receiver/install/project_ros2_pkg/share/project_ros2_pkg/local_setup.bash
[85.031s] -- Symlinking: /home/mp4d/drawing_robot_v2/src/camera_receiver/install/project_ros2_pkg/share/project_ros2_pkg/local_setup.sh
[85.094s] -- Symlinking: /home/mp4d/drawing_robot_v2/src/camera_receiver/install/project_ros2_pkg/share/project_ros2_pkg/local_setup.zsh
[85.156s] -- Symlinking: /home/mp4d/drawing_robot_v2/src/camera_receiver/install/project_ros2_pkg/share/project_ros2_pkg/local_setup.dsv
[85.228s] -- Symlinking: /home/mp4d/drawing_robot_v2/src/camera_receiver/install/project_ros2_pkg/share/project_ros2_pkg/package.dsv
[85.291s] -- Symlinking: /home/mp4d/drawing_robot_v2/src/camera_receiver/install/project_ros2_pkg/share/ament_index/resource_index/packages/project_ros2_pkg
[85.358s] -- Symlinking: /home/mp4d/drawing_robot_v2/src/camera_receiver/install/project_ros2_pkg/share/project_ros2_pkg/cmake/project_ros2_pkgConfig.cmake
[85.429s] -- Symlinking: /home/mp4d/drawing_robot_v2/src/camera_receiver/install/project_ros2_pkg/share/project_ros2_pkg/cmake/project_ros2_pkgConfig-version.cmake
[85.493s] -- Symlinking: /home/mp4d/drawing_robot_v2/src/camera_receiver/install/project_ros2_pkg/share/project_ros2_pkg/package.xml
[85.581s] Invoked command in '/home/mp4d/drawing_robot_v2/src/camera_receiver/build/project_ros2_pkg' returned '0': CMAKE_PREFIX_PATH=${CMAKE_PREFIX_PATH}:/opt/ros/foxy /usr/bin/cmake --install /home/mp4d/drawing_robot_v2/src/camera_receiver/build/project_ros2_pkg
