

================================================================
== Vitis HLS Report for 'l3_mm'
================================================================
* Date:           Tue Nov 26 10:06:01 2024

* Version:        2020.2 (Build 3064766 on Wed Nov 18 09:12:47 MST 2020)
* Project:        neural_network_hls
* Solution:       solution1 (Vivado IP Flow Target)
* Product family: zynquplus
* Target device:  xczu3eg-sbva484-1-e


================================================================
== Performance Estimates
================================================================
+ Timing: 
    * Summary: 
    +--------+----------+----------+------------+
    |  Clock |  Target  | Estimated| Uncertainty|
    +--------+----------+----------+------------+
    |ap_clk  |  10.00 ns|  6.311 ns|     2.70 ns|
    +--------+----------+----------+------------+

+ Latency: 
    * Summary: 
    +---------+---------+----------+----------+-----+-----+---------+
    |  Latency (cycles) |  Latency (absolute) |  Interval | Pipeline|
    |   min   |   max   |    min   |    max   | min | max |   Type  |
    +---------+---------+----------+----------+-----+-----+---------+
    |       84|       84|  0.840 us|  0.840 us|   84|   84|     none|
    +---------+---------+----------+----------+-----+-----+---------+

    + Detail: 
        * Instance: 
        N/A

        * Loop: 
        N/A



================================================================
== Utilization Estimates
================================================================
* Summary: 
+-----------------+---------+-----+--------+-------+-----+
|       Name      | BRAM_18K| DSP |   FF   |  LUT  | URAM|
+-----------------+---------+-----+--------+-------+-----+
|DSP              |        -|    -|       -|      -|    -|
|Expression       |        -|    -|       -|      -|    -|
|FIFO             |        -|    -|       -|      -|    -|
|Instance         |        -|    -|       -|      -|    -|
|Memory           |        -|    -|       -|      -|    -|
|Multiplexer      |        -|    -|       -|   1703|    -|
|Register         |        -|    -|    1045|      -|    -|
+-----------------+---------+-----+--------+-------+-----+
|Total            |        0|    0|    1045|   1703|    0|
+-----------------+---------+-----+--------+-------+-----+
|Available        |      432|  360|  141120|  70560|    0|
+-----------------+---------+-----+--------+-------+-----+
|Utilization (%)  |        0|    0|      ~0|      2|    0|
+-----------------+---------+-----+--------+-------+-----+

+ Detail: 
    * Instance: 
    N/A

    * DSP: 
    N/A

    * Memory: 
    N/A

    * FIFO: 
    N/A

    * Expression: 
    N/A

    * Multiplexer: 
    +------------------+-----+-----------+-----+-----------+
    |       Name       | LUT | Input Size| Bits| Total Bits|
    +------------------+-----+-----------+-----+-----------+
    |ap_NS_fsm         |  442|         86|    1|         86|
    |ap_return_0       |    9|          2|   32|         64|
    |ap_return_1       |    9|          2|   32|         64|
    |ap_return_2       |    9|          2|   32|         64|
    |ap_return_3       |    9|          2|   32|         64|
    |ap_return_4       |    9|          2|   32|         64|
    |ap_return_5       |    9|          2|   32|         64|
    |ap_return_6       |    9|          2|   32|         64|
    |ap_return_7       |    9|          2|   32|         64|
    |ap_return_8       |    9|          2|   32|         64|
    |ap_return_9       |    9|          2|   32|         64|
    |grp_fu_507_p0     |   14|          3|   32|         96|
    |grp_fu_507_p1     |   14|          3|   32|         96|
    |grp_fu_512_p0     |   14|          3|   32|         96|
    |grp_fu_512_p1     |   14|          3|   32|         96|
    |grp_fu_517_p0     |   14|          3|   32|         96|
    |grp_fu_517_p1     |   14|          3|   32|         96|
    |grp_fu_522_p0     |   14|          3|   32|         96|
    |grp_fu_522_p1     |   14|          3|   32|         96|
    |grp_fu_527_p0     |   14|          3|   32|         96|
    |grp_fu_527_p1     |   14|          3|   32|         96|
    |grp_fu_532_p0     |   14|          3|   32|         96|
    |grp_fu_532_p1     |   14|          3|   32|         96|
    |grp_fu_537_p0     |   14|          3|   32|         96|
    |grp_fu_537_p1     |   14|          3|   32|         96|
    |grp_fu_542_p0     |   14|          3|   32|         96|
    |grp_fu_542_p1     |   14|          3|   32|         96|
    |grp_fu_547_p0     |   14|          3|   32|         96|
    |grp_fu_547_p1     |   14|          3|   32|         96|
    |grp_fu_552_p0     |   14|          3|   32|         96|
    |grp_fu_552_p1     |   14|          3|   32|         96|
    |grp_fu_557_p1     |   81|         17|   32|        544|
    |grp_fu_563_p1     |   81|         17|   32|        544|
    |grp_fu_569_p1     |   81|         17|   32|        544|
    |grp_fu_575_p1     |   81|         17|   32|        544|
    |grp_fu_581_p1     |   81|         17|   32|        544|
    |grp_fu_587_p1     |   81|         17|   32|        544|
    |grp_fu_593_p1     |   81|         17|   32|        544|
    |grp_fu_599_p1     |   81|         17|   32|        544|
    |grp_fu_605_p1     |   81|         17|   32|        544|
    |grp_fu_611_p1     |   81|         17|   32|        544|
    |input_0_address0  |   81|         17|    4|         68|
    +------------------+-----+-----------+-----+-----------+
    |Total             | 1703|        353| 1285|       8154|
    +------------------+-----+-----------+-----+-----------+

    * Register: 
    +------------------+----+----+-----+-----------+
    |       Name       | FF | LUT| Bits| Const Bits|
    +------------------+----+----+-----+-----------+
    |ap_CS_fsm         |  85|   0|   85|          0|
    |ap_return_0_preg  |  32|   0|   32|          0|
    |ap_return_1_preg  |  32|   0|   32|          0|
    |ap_return_2_preg  |  32|   0|   32|          0|
    |ap_return_3_preg  |  32|   0|   32|          0|
    |ap_return_4_preg  |  32|   0|   32|          0|
    |ap_return_5_preg  |  32|   0|   32|          0|
    |ap_return_6_preg  |  32|   0|   32|          0|
    |ap_return_7_preg  |  32|   0|   32|          0|
    |ap_return_8_preg  |  32|   0|   32|          0|
    |ap_return_9_preg  |  32|   0|   32|          0|
    |reg_781           |  32|   0|   32|          0|
    |reg_787           |  32|   0|   32|          0|
    |reg_793           |  32|   0|   32|          0|
    |reg_799           |  32|   0|   32|          0|
    |reg_805           |  32|   0|   32|          0|
    |reg_811           |  32|   0|   32|          0|
    |reg_817           |  32|   0|   32|          0|
    |reg_823           |  32|   0|   32|          0|
    |reg_829           |  32|   0|   32|          0|
    |reg_835           |  32|   0|   32|          0|
    |reg_841           |  32|   0|   32|          0|
    |reg_846           |  32|   0|   32|          0|
    |reg_851           |  32|   0|   32|          0|
    |reg_856           |  32|   0|   32|          0|
    |reg_861           |  32|   0|   32|          0|
    |reg_866           |  32|   0|   32|          0|
    |reg_871           |  32|   0|   32|          0|
    |reg_876           |  32|   0|   32|          0|
    |reg_881           |  32|   0|   32|          0|
    |reg_886           |  32|   0|   32|          0|
    +------------------+----+----+-----+-----------+
    |Total             |1045|   0| 1045|          0|
    +------------------+----+----+-----+-----------+



================================================================
== Interface
================================================================
* Summary: 
+----------------------+-----+-----+------------+--------------+--------------+
|       RTL Ports      | Dir | Bits|  Protocol  | Source Object|    C Type    |
+----------------------+-----+-----+------------+--------------+--------------+
|ap_clk                |   in|    1|  ap_ctrl_hs|         l3_mm|  return value|
|ap_rst                |   in|    1|  ap_ctrl_hs|         l3_mm|  return value|
|ap_start              |   in|    1|  ap_ctrl_hs|         l3_mm|  return value|
|ap_done               |  out|    1|  ap_ctrl_hs|         l3_mm|  return value|
|ap_idle               |  out|    1|  ap_ctrl_hs|         l3_mm|  return value|
|ap_ready              |  out|    1|  ap_ctrl_hs|         l3_mm|  return value|
|ap_return_0           |  out|   32|  ap_ctrl_hs|         l3_mm|  return value|
|ap_return_1           |  out|   32|  ap_ctrl_hs|         l3_mm|  return value|
|ap_return_2           |  out|   32|  ap_ctrl_hs|         l3_mm|  return value|
|ap_return_3           |  out|   32|  ap_ctrl_hs|         l3_mm|  return value|
|ap_return_4           |  out|   32|  ap_ctrl_hs|         l3_mm|  return value|
|ap_return_5           |  out|   32|  ap_ctrl_hs|         l3_mm|  return value|
|ap_return_6           |  out|   32|  ap_ctrl_hs|         l3_mm|  return value|
|ap_return_7           |  out|   32|  ap_ctrl_hs|         l3_mm|  return value|
|ap_return_8           |  out|   32|  ap_ctrl_hs|         l3_mm|  return value|
|ap_return_9           |  out|   32|  ap_ctrl_hs|         l3_mm|  return value|
|grp_fu_2574_p_din0    |  out|   32|  ap_ctrl_hs|         l3_mm|  return value|
|grp_fu_2574_p_din1    |  out|   32|  ap_ctrl_hs|         l3_mm|  return value|
|grp_fu_2574_p_opcode  |  out|    2|  ap_ctrl_hs|         l3_mm|  return value|
|grp_fu_2574_p_dout0   |   in|   32|  ap_ctrl_hs|         l3_mm|  return value|
|grp_fu_2574_p_ce      |  out|    1|  ap_ctrl_hs|         l3_mm|  return value|
|grp_fu_2578_p_din0    |  out|   32|  ap_ctrl_hs|         l3_mm|  return value|
|grp_fu_2578_p_din1    |  out|   32|  ap_ctrl_hs|         l3_mm|  return value|
|grp_fu_2578_p_opcode  |  out|    2|  ap_ctrl_hs|         l3_mm|  return value|
|grp_fu_2578_p_dout0   |   in|   32|  ap_ctrl_hs|         l3_mm|  return value|
|grp_fu_2578_p_ce      |  out|    1|  ap_ctrl_hs|         l3_mm|  return value|
|grp_fu_2582_p_din0    |  out|   32|  ap_ctrl_hs|         l3_mm|  return value|
|grp_fu_2582_p_din1    |  out|   32|  ap_ctrl_hs|         l3_mm|  return value|
|grp_fu_2582_p_opcode  |  out|    2|  ap_ctrl_hs|         l3_mm|  return value|
|grp_fu_2582_p_dout0   |   in|   32|  ap_ctrl_hs|         l3_mm|  return value|
|grp_fu_2582_p_ce      |  out|    1|  ap_ctrl_hs|         l3_mm|  return value|
|grp_fu_2586_p_din0    |  out|   32|  ap_ctrl_hs|         l3_mm|  return value|
|grp_fu_2586_p_din1    |  out|   32|  ap_ctrl_hs|         l3_mm|  return value|
|grp_fu_2586_p_opcode  |  out|    2|  ap_ctrl_hs|         l3_mm|  return value|
|grp_fu_2586_p_dout0   |   in|   32|  ap_ctrl_hs|         l3_mm|  return value|
|grp_fu_2586_p_ce      |  out|    1|  ap_ctrl_hs|         l3_mm|  return value|
|grp_fu_2590_p_din0    |  out|   32|  ap_ctrl_hs|         l3_mm|  return value|
|grp_fu_2590_p_din1    |  out|   32|  ap_ctrl_hs|         l3_mm|  return value|
|grp_fu_2590_p_opcode  |  out|    2|  ap_ctrl_hs|         l3_mm|  return value|
|grp_fu_2590_p_dout0   |   in|   32|  ap_ctrl_hs|         l3_mm|  return value|
|grp_fu_2590_p_ce      |  out|    1|  ap_ctrl_hs|         l3_mm|  return value|
|grp_fu_2594_p_din0    |  out|   32|  ap_ctrl_hs|         l3_mm|  return value|
|grp_fu_2594_p_din1    |  out|   32|  ap_ctrl_hs|         l3_mm|  return value|
|grp_fu_2594_p_opcode  |  out|    2|  ap_ctrl_hs|         l3_mm|  return value|
|grp_fu_2594_p_dout0   |   in|   32|  ap_ctrl_hs|         l3_mm|  return value|
|grp_fu_2594_p_ce      |  out|    1|  ap_ctrl_hs|         l3_mm|  return value|
|grp_fu_2598_p_din0    |  out|   32|  ap_ctrl_hs|         l3_mm|  return value|
|grp_fu_2598_p_din1    |  out|   32|  ap_ctrl_hs|         l3_mm|  return value|
|grp_fu_2598_p_opcode  |  out|    2|  ap_ctrl_hs|         l3_mm|  return value|
|grp_fu_2598_p_dout0   |   in|   32|  ap_ctrl_hs|         l3_mm|  return value|
|grp_fu_2598_p_ce      |  out|    1|  ap_ctrl_hs|         l3_mm|  return value|
|grp_fu_2602_p_din0    |  out|   32|  ap_ctrl_hs|         l3_mm|  return value|
|grp_fu_2602_p_din1    |  out|   32|  ap_ctrl_hs|         l3_mm|  return value|
|grp_fu_2602_p_opcode  |  out|    2|  ap_ctrl_hs|         l3_mm|  return value|
|grp_fu_2602_p_dout0   |   in|   32|  ap_ctrl_hs|         l3_mm|  return value|
|grp_fu_2602_p_ce      |  out|    1|  ap_ctrl_hs|         l3_mm|  return value|
|grp_fu_2638_p_din0    |  out|   32|  ap_ctrl_hs|         l3_mm|  return value|
|grp_fu_2638_p_din1    |  out|   32|  ap_ctrl_hs|         l3_mm|  return value|
|grp_fu_2638_p_opcode  |  out|    2|  ap_ctrl_hs|         l3_mm|  return value|
|grp_fu_2638_p_dout0   |   in|   32|  ap_ctrl_hs|         l3_mm|  return value|
|grp_fu_2638_p_ce      |  out|    1|  ap_ctrl_hs|         l3_mm|  return value|
|grp_fu_2642_p_din0    |  out|   32|  ap_ctrl_hs|         l3_mm|  return value|
|grp_fu_2642_p_din1    |  out|   32|  ap_ctrl_hs|         l3_mm|  return value|
|grp_fu_2642_p_opcode  |  out|    2|  ap_ctrl_hs|         l3_mm|  return value|
|grp_fu_2642_p_dout0   |   in|   32|  ap_ctrl_hs|         l3_mm|  return value|
|grp_fu_2642_p_ce      |  out|    1|  ap_ctrl_hs|         l3_mm|  return value|
|grp_fu_2606_p_din0    |  out|   32|  ap_ctrl_hs|         l3_mm|  return value|
|grp_fu_2606_p_din1    |  out|   32|  ap_ctrl_hs|         l3_mm|  return value|
|grp_fu_2606_p_dout0   |   in|   32|  ap_ctrl_hs|         l3_mm|  return value|
|grp_fu_2606_p_ce      |  out|    1|  ap_ctrl_hs|         l3_mm|  return value|
|grp_fu_2610_p_din0    |  out|   32|  ap_ctrl_hs|         l3_mm|  return value|
|grp_fu_2610_p_din1    |  out|   32|  ap_ctrl_hs|         l3_mm|  return value|
|grp_fu_2610_p_dout0   |   in|   32|  ap_ctrl_hs|         l3_mm|  return value|
|grp_fu_2610_p_ce      |  out|    1|  ap_ctrl_hs|         l3_mm|  return value|
|grp_fu_2614_p_din0    |  out|   32|  ap_ctrl_hs|         l3_mm|  return value|
|grp_fu_2614_p_din1    |  out|   32|  ap_ctrl_hs|         l3_mm|  return value|
|grp_fu_2614_p_dout0   |   in|   32|  ap_ctrl_hs|         l3_mm|  return value|
|grp_fu_2614_p_ce      |  out|    1|  ap_ctrl_hs|         l3_mm|  return value|
|grp_fu_2618_p_din0    |  out|   32|  ap_ctrl_hs|         l3_mm|  return value|
|grp_fu_2618_p_din1    |  out|   32|  ap_ctrl_hs|         l3_mm|  return value|
|grp_fu_2618_p_dout0   |   in|   32|  ap_ctrl_hs|         l3_mm|  return value|
|grp_fu_2618_p_ce      |  out|    1|  ap_ctrl_hs|         l3_mm|  return value|
|grp_fu_2622_p_din0    |  out|   32|  ap_ctrl_hs|         l3_mm|  return value|
|grp_fu_2622_p_din1    |  out|   32|  ap_ctrl_hs|         l3_mm|  return value|
|grp_fu_2622_p_dout0   |   in|   32|  ap_ctrl_hs|         l3_mm|  return value|
|grp_fu_2622_p_ce      |  out|    1|  ap_ctrl_hs|         l3_mm|  return value|
|grp_fu_2626_p_din0    |  out|   32|  ap_ctrl_hs|         l3_mm|  return value|
|grp_fu_2626_p_din1    |  out|   32|  ap_ctrl_hs|         l3_mm|  return value|
|grp_fu_2626_p_dout0   |   in|   32|  ap_ctrl_hs|         l3_mm|  return value|
|grp_fu_2626_p_ce      |  out|    1|  ap_ctrl_hs|         l3_mm|  return value|
|grp_fu_2630_p_din0    |  out|   32|  ap_ctrl_hs|         l3_mm|  return value|
|grp_fu_2630_p_din1    |  out|   32|  ap_ctrl_hs|         l3_mm|  return value|
|grp_fu_2630_p_dout0   |   in|   32|  ap_ctrl_hs|         l3_mm|  return value|
|grp_fu_2630_p_ce      |  out|    1|  ap_ctrl_hs|         l3_mm|  return value|
|grp_fu_2634_p_din0    |  out|   32|  ap_ctrl_hs|         l3_mm|  return value|
|grp_fu_2634_p_din1    |  out|   32|  ap_ctrl_hs|         l3_mm|  return value|
|grp_fu_2634_p_dout0   |   in|   32|  ap_ctrl_hs|         l3_mm|  return value|
|grp_fu_2634_p_ce      |  out|    1|  ap_ctrl_hs|         l3_mm|  return value|
|grp_fu_2670_p_din0    |  out|   32|  ap_ctrl_hs|         l3_mm|  return value|
|grp_fu_2670_p_din1    |  out|   32|  ap_ctrl_hs|         l3_mm|  return value|
|grp_fu_2670_p_dout0   |   in|   32|  ap_ctrl_hs|         l3_mm|  return value|
|grp_fu_2670_p_ce      |  out|    1|  ap_ctrl_hs|         l3_mm|  return value|
|grp_fu_2674_p_din0    |  out|   32|  ap_ctrl_hs|         l3_mm|  return value|
|grp_fu_2674_p_din1    |  out|   32|  ap_ctrl_hs|         l3_mm|  return value|
|grp_fu_2674_p_dout0   |   in|   32|  ap_ctrl_hs|         l3_mm|  return value|
|grp_fu_2674_p_ce      |  out|    1|  ap_ctrl_hs|         l3_mm|  return value|
|input_0_address0      |  out|    4|   ap_memory|       input_0|         array|
|input_0_ce0           |  out|    1|   ap_memory|       input_0|         array|
|input_0_q0            |   in|   32|   ap_memory|       input_0|         array|
+----------------------+-----+-----+------------+--------------+--------------+

