[0.108s] Invoking command in '/home/mp4d/drawing_robot_v2/src/camera_transmitter/build/usb_cam': CMAKE_PREFIX_PATH=${CMAKE_PREFIX_PATH}:/opt/ros/foxy /usr/bin/cmake /home/mp4d/drawing_robot_v2/src/camera_transmitter/usb_cam -DAMENT_CMAKE_SYMLINK_INSTALL=1 -DCMAKE_INSTALL_PREFIX=/home/mp4d/drawing_robot_v2/src/camera_transmitter/install/usb_cam
[3.018s] -- The C compiler identification is GNU 9.4.0
[3.514s] -- The CXX compiler identification is GNU 9.4.0
[3.572s] -- Check for working C compiler: /usr/bin/cc
[4.140s] -- Check for working C compiler: /usr/bin/cc -- works
[4.153s] -- Detecting C compiler ABI info
[4.768s] -- Detecting C compiler ABI info - done
[4.866s] -- Detecting C compile features
[4.872s] -- Detecting C compile features - done
[4.904s] -- Check for working CXX compiler: /usr/bin/c++
[5.537s] -- Check for working CXX compiler: /usr/bin/c++ -- works
[5.544s] -- Detecting CXX compiler ABI info
[6.180s] -- Detecting CXX compiler ABI info - done
[6.276s] -- Detecting CXX compile features
[6.279s] -- Detecting CXX compile features - done
[6.296s] -- Found ament_cmake_auto: 0.9.12 (/opt/ros/foxy/share/ament_cmake_auto/cmake)
[6.543s] -- Found PythonInterp: /usr/bin/python3 (found suitable version "3.8.10", minimum required is "3") 
[6.544s] -- Using PYTHON_EXECUTABLE: /usr/bin/python3
[7.808s] -- Override CMake install command with custom implementation using symlinks instead of copying resources
[9.044s] -- Using all available rosidl_typesupport_c: rosidl_typesupport_fastrtps_c;rosidl_typesupport_introspection_c
[9.101s] -- Found rosidl_adapter: 1.3.1 (/opt/ros/foxy/share/rosidl_adapter/cmake)
[9.626s] -- Found OpenSSL: /usr/lib/aarch64-linux-gnu/libcrypto.so (found version "1.1.1f")  
[9.812s] -- Found FastRTPS: /opt/ros/foxy/include  
[10.338s] -- Using all available rosidl_typesupport_cpp: rosidl_typesupport_fastrtps_cpp;rosidl_typesupport_introspection_cpp
[10.850s] -- Found rmw_implementation_cmake: 1.0.4 (/opt/ros/foxy/share/rmw_implementation_cmake/cmake)
[10.869s] -- Using RMW implementation 'rmw_fastrtps_cpp' as default
[10.883s] -- Looking for pthread.h
[11.451s] -- Looking for pthread.h - found
[11.452s] -- Performing Test CMAKE_HAVE_LIBC_PTHREAD
[12.000s] -- Performing Test CMAKE_HAVE_LIBC_PTHREAD - Failed
[12.002s] -- Looking for pthread_create in pthreads
[12.418s] -- Looking for pthread_create in pthreads - not found
[12.419s] -- Looking for pthread_create in pthread
[12.975s] -- Looking for pthread_create in pthread - found
[12.983s] -- Found Threads: TRUE  
[16.531s] -- Setting yaml-cpp_DIR to: '/opt/ros/foxy/share/yaml_cpp_vendor/cmake/../../../opt/yaml_cpp_vendor/lib/cmake/yaml-cpp'
[17.463s] -- Found OpenCV: /usr (found version "4.2.0") 
[17.483s] -- Found PkgConfig: /usr/bin/pkg-config (found version "0.29.1") 
[17.492s] -- Checking for module 'libavcodec'
[17.583s] --   Found libavcodec, version 58.54.100
[17.788s] -- Checking for module 'libavutil'
[17.873s] --   Found libavutil, version 56.31.100
[18.069s] -- Checking for module 'libswscale'
[18.158s] --   Found libswscale, version 5.5.100
[18.863s] -- Found ament_lint_auto: 0.9.8 (/opt/ros/foxy/share/ament_lint_auto/cmake)
[19.024s] -- Found gtest sources under '/opt/ros/foxy/src/gtest_vendor': C++ tests using 'Google Test' will be built
[19.045s] -- Check if compiler accepts -pthread
[19.654s] -- Check if compiler accepts -pthread - yes
[19.754s] -- Added test 'copyright' to check source files copyright and LICENSE
[19.780s] -- Added test 'cppcheck' to perform static code analysis on C / C++ code
[19.783s] -- Configured cppcheck include dirs: /home/mp4d/drawing_robot_v2/src/camera_transmitter/usb_cam/include
[19.785s] -- Configured cppcheck exclude dirs and/or files: 
[19.808s] -- Added test 'cpplint' to check C / C++ code against the Google style
[19.809s] -- Configured cpplint exclude dirs and/or files: 
[19.817s] -- Added test 'flake8' to check Python code syntax and style conventions
[19.829s] -- Added test 'lint_cmake' to check CMake code style
[19.837s] -- Added test 'pep257' to check Python code against some of the style conventions in PEP 257
[19.861s] -- Added test 'uncrustify' to check C / C++ code style
[19.862s] -- Configured uncrustify additional arguments: 
[19.869s] -- Added test 'xmllint' to check XML markup files
[19.912s] -- Configuring done
[20.255s] -- Generating done
[20.274s] -- Build files have been written to: /home/mp4d/drawing_robot_v2/src/camera_transmitter/build/usb_cam
[20.398s] Invoked command in '/home/mp4d/drawing_robot_v2/src/camera_transmitter/build/usb_cam' returned '0': CMAKE_PREFIX_PATH=${CMAKE_PREFIX_PATH}:/opt/ros/foxy /usr/bin/cmake /home/mp4d/drawing_robot_v2/src/camera_transmitter/usb_cam -DAMENT_CMAKE_SYMLINK_INSTALL=1 -DCMAKE_INSTALL_PREFIX=/home/mp4d/drawing_robot_v2/src/camera_transmitter/install/usb_cam
[20.418s] Invoking command in '/home/mp4d/drawing_robot_v2/src/camera_transmitter/build/usb_cam': CMAKE_PREFIX_PATH=${CMAKE_PREFIX_PATH}:/opt/ros/foxy /usr/bin/cmake --build /home/mp4d/drawing_robot_v2/src/camera_transmitter/build/usb_cam -- -j4 -l4
[20.718s] [35m[1mScanning dependencies of target gtest[0m
[20.720s] [35m[1mScanning dependencies of target usb_cam[0m
[20.721s] [35m[1mScanning dependencies of target usb_cam_node_exe[0m
[20.750s] [35m[1mScanning dependencies of target gtest_main[0m
[20.943s] [  7%] [32mBuilding CXX object gtest/CMakeFiles/gtest_main.dir/src/gtest_main.cc.o[0m
[20.982s] [ 14%] [32mBuilding CXX object gtest/CMakeFiles/gtest.dir/src/gtest-all.cc.o[0m
[20.993s] [ 21%] [32mBuilding CXX object CMakeFiles/usb_cam.dir/src/usb_cam.cpp.o[0m
[21.124s] [ 28%] [32mBuilding CXX object CMakeFiles/usb_cam_node_exe.dir/rclcpp_components/node_main_usb_cam_node_exe.cpp.o[0m
[47.991s] [ 35%] [32m[1mLinking CXX static library libgtest_main.a[0m
[48.337s] [ 35%] Built target gtest_main
[52.262s] [ 42%] [32m[1mLinking CXX executable usb_cam_node_exe[0m
[53.122s] [ 50%] [32m[1mLinking CXX shared library libusb_cam.so[0m
[55.402s] [ 50%] Built target usb_cam_node_exe
[55.845s] [ 50%] Built target usb_cam
[55.930s] [35m[1mScanning dependencies of target usb_cam_node[0m
[56.453s] [ 57%] [32mBuilding CXX object CMakeFiles/usb_cam_node.dir/src/ros2/usb_cam_node.cpp.o[0m
[76.567s] [ 64%] [32m[1mLinking CXX static library libgtest.a[0m
[77.423s] [ 64%] Built target gtest
[77.505s] [35m[1mScanning dependencies of target test_usb_cam_utils[0m
[77.506s] [35m[1mScanning dependencies of target test_pixel_formats[0m
[77.642s] [ 71%] [32mBuilding CXX object CMakeFiles/test_usb_cam_utils.dir/test/test_usb_cam_utils.cpp.o[0m
[77.786s] [ 78%] [32mBuilding CXX object CMakeFiles/test_pixel_formats.dir/test/test_pixel_formats.cpp.o[0m
[107.198s] [ 85%] [32m[1mLinking CXX executable test_usb_cam_utils[0m
[110.263s] [ 85%] Built target test_usb_cam_utils
[117.438s] [ 92%] [32m[1mLinking CXX executable test_pixel_formats[0m
[120.253s] [ 92%] Built target test_pixel_formats
[126.462s] [100%] [32m[1mLinking CXX shared library libusb_cam_node.so[0m
[133.786s] [100%] Built target usb_cam_node
[133.879s] Invoked command in '/home/mp4d/drawing_robot_v2/src/camera_transmitter/build/usb_cam' returned '0': CMAKE_PREFIX_PATH=${CMAKE_PREFIX_PATH}:/opt/ros/foxy /usr/bin/cmake --build /home/mp4d/drawing_robot_v2/src/camera_transmitter/build/usb_cam -- -j4 -l4
[134.148s] Invoking command in '/home/mp4d/drawing_robot_v2/src/camera_transmitter/build/usb_cam': CMAKE_PREFIX_PATH=${CMAKE_PREFIX_PATH}:/opt/ros/foxy /usr/bin/cmake --install /home/mp4d/drawing_robot_v2/src/camera_transmitter/build/usb_cam
[134.208s] -- Install configuration: ""
[134.212s] -- Execute custom install script
[134.214s] -- Symlinking: /home/mp4d/drawing_robot_v2/src/camera_transmitter/install/usb_cam/share/usb_cam/environment/library_path.sh
[134.277s] -- Symlinking: /home/mp4d/drawing_robot_v2/src/camera_transmitter/install/usb_cam/share/usb_cam/environment/library_path.dsv
[134.343s] -- Symlinking: /home/mp4d/drawing_robot_v2/src/camera_transmitter/install/usb_cam/lib/usb_cam/usb_cam_node_exe
[134.408s] -- Symlinking: /home/mp4d/drawing_robot_v2/src/camera_transmitter/install/usb_cam/lib/usb_cam/show_image.py
[134.472s] -- Symlinking: /home/mp4d/drawing_robot_v2/src/camera_transmitter/install/usb_cam/lib/libusb_cam.so
[134.538s] -- Symlinking: /home/mp4d/drawing_robot_v2/src/camera_transmitter/install/usb_cam/lib/libusb_cam_node.so
[134.599s] -- Symlinking: /home/mp4d/drawing_robot_v2/src/camera_transmitter/install/usb_cam/include/usb_cam/constants.hpp
[134.665s] -- Symlinking: /home/mp4d/drawing_robot_v2/src/camera_transmitter/install/usb_cam/include/usb_cam/conversions.hpp
[134.734s] -- Symlinking: /home/mp4d/drawing_robot_v2/src/camera_transmitter/install/usb_cam/include/usb_cam/formats/av_pixel_format_helper.hpp
[134.793s] -- Symlinking: /home/mp4d/drawing_robot_v2/src/camera_transmitter/install/usb_cam/include/usb_cam/formats/m420.hpp
[134.855s] -- Symlinking: /home/mp4d/drawing_robot_v2/src/camera_transmitter/install/usb_cam/include/usb_cam/formats/mjpeg.hpp
[134.922s] -- Symlinking: /home/mp4d/drawing_robot_v2/src/camera_transmitter/install/usb_cam/include/usb_cam/formats/mono.hpp
[134.982s] -- Symlinking: /home/mp4d/drawing_robot_v2/src/camera_transmitter/install/usb_cam/include/usb_cam/formats/pixel_format_base.hpp
[135.049s] -- Symlinking: /home/mp4d/drawing_robot_v2/src/camera_transmitter/install/usb_cam/include/usb_cam/formats/rgb.hpp
[135.110s] -- Symlinking: /home/mp4d/drawing_robot_v2/src/camera_transmitter/install/usb_cam/include/usb_cam/formats/utils.hpp
[135.182s] -- Symlinking: /home/mp4d/drawing_robot_v2/src/camera_transmitter/install/usb_cam/include/usb_cam/formats/uyvy.hpp
[135.252s] -- Symlinking: /home/mp4d/drawing_robot_v2/src/camera_transmitter/install/usb_cam/include/usb_cam/formats/yuyv.hpp
[135.322s] -- Symlinking: /home/mp4d/drawing_robot_v2/src/camera_transmitter/install/usb_cam/include/usb_cam/usb_cam.hpp
[135.390s] -- Symlinking: /home/mp4d/drawing_robot_v2/src/camera_transmitter/install/usb_cam/include/usb_cam/usb_cam_node.hpp
[135.451s] -- Symlinking: /home/mp4d/drawing_robot_v2/src/camera_transmitter/install/usb_cam/include/usb_cam/utils.hpp
[135.512s] -- Up-to-date symlink: /home/mp4d/drawing_robot_v2/src/camera_transmitter/install/usb_cam/lib/libusb_cam_node.so
[135.517s] -- Symlinking: /home/mp4d/drawing_robot_v2/src/camera_transmitter/install/usb_cam/share/usb_cam/launch/__init__.py
[135.581s] -- Symlinking: /home/mp4d/drawing_robot_v2/src/camera_transmitter/install/usb_cam/share/usb_cam/launch/camera.launch.py
[135.645s] -- Symlinking: /home/mp4d/drawing_robot_v2/src/camera_transmitter/install/usb_cam/share/usb_cam/launch/camera_config.py
[135.713s] -- Symlinking: /home/mp4d/drawing_robot_v2/src/camera_transmitter/install/usb_cam/share/usb_cam/config/camera_info.yaml
[135.786s] -- Symlinking: /home/mp4d/drawing_robot_v2/src/camera_transmitter/install/usb_cam/share/usb_cam/config/params_1.yaml
[135.866s] -- Symlinking: /home/mp4d/drawing_robot_v2/src/camera_transmitter/install/usb_cam/share/usb_cam/config/params_2.yaml
[135.938s] -- Symlinking: /home/mp4d/drawing_robot_v2/src/camera_transmitter/install/usb_cam/share/ament_index/resource_index/package_run_dependencies/usb_cam
[136.006s] -- Symlinking: /home/mp4d/drawing_robot_v2/src/camera_transmitter/install/usb_cam/share/ament_index/resource_index/parent_prefix_path/usb_cam
[136.076s] -- Symlinking: /home/mp4d/drawing_robot_v2/src/camera_transmitter/install/usb_cam/share/usb_cam/environment/ament_prefix_path.sh
[136.137s] -- Symlinking: /home/mp4d/drawing_robot_v2/src/camera_transmitter/install/usb_cam/share/usb_cam/environment/ament_prefix_path.dsv
[136.198s] -- Symlinking: /home/mp4d/drawing_robot_v2/src/camera_transmitter/install/usb_cam/share/usb_cam/environment/path.sh
[136.259s] -- Symlinking: /home/mp4d/drawing_robot_v2/src/camera_transmitter/install/usb_cam/share/usb_cam/environment/path.dsv
[136.320s] -- Symlinking: /home/mp4d/drawing_robot_v2/src/camera_transmitter/install/usb_cam/share/usb_cam/local_setup.bash
[136.381s] -- Symlinking: /home/mp4d/drawing_robot_v2/src/camera_transmitter/install/usb_cam/share/usb_cam/local_setup.sh
[136.443s] -- Symlinking: /home/mp4d/drawing_robot_v2/src/camera_transmitter/install/usb_cam/share/usb_cam/local_setup.zsh
[136.504s] -- Symlinking: /home/mp4d/drawing_robot_v2/src/camera_transmitter/install/usb_cam/share/usb_cam/local_setup.dsv
[136.568s] -- Symlinking: /home/mp4d/drawing_robot_v2/src/camera_transmitter/install/usb_cam/share/usb_cam/package.dsv
[136.629s] -- Symlinking: /home/mp4d/drawing_robot_v2/src/camera_transmitter/install/usb_cam/share/ament_index/resource_index/packages/usb_cam
[136.692s] -- Symlinking: /home/mp4d/drawing_robot_v2/src/camera_transmitter/install/usb_cam/share/ament_index/resource_index/rclcpp_components/usb_cam
[136.755s] -- Symlinking: /home/mp4d/drawing_robot_v2/src/camera_transmitter/install/usb_cam/share/usb_cam/cmake/ament_cmake_export_libraries-extras.cmake
[136.814s] -- Symlinking: /home/mp4d/drawing_robot_v2/src/camera_transmitter/install/usb_cam/share/usb_cam/cmake/ament_cmake_export_dependencies-extras.cmake
[136.875s] -- Symlinking: /home/mp4d/drawing_robot_v2/src/camera_transmitter/install/usb_cam/share/usb_cam/cmake/ament_cmake_export_include_directories-extras.cmake
[136.998s] -- Symlinking: /home/mp4d/drawing_robot_v2/src/camera_transmitter/install/usb_cam/share/usb_cam/cmake/usb_camConfig.cmake
[137.060s] -- Symlinking: /home/mp4d/drawing_robot_v2/src/camera_transmitter/install/usb_cam/share/usb_cam/cmake/usb_camConfig-version.cmake
[137.127s] -- Symlinking: /home/mp4d/drawing_robot_v2/src/camera_transmitter/install/usb_cam/share/usb_cam/package.xml
[137.204s] Invoked command in '/home/mp4d/drawing_robot_v2/src/camera_transmitter/build/usb_cam' returned '0': CMAKE_PREFIX_PATH=${CMAKE_PREFIX_PATH}:/opt/ros/foxy /usr/bin/cmake --install /home/mp4d/drawing_robot_v2/src/camera_transmitter/build/usb_cam
